Determining if the include file util.h exists failed with the following output:
Change Dir: /home/dreadpirate/CodingPirate/libssh/gitlab-ssh/libssh-mirror/build/CMakeFiles/CMakeTmp

Run Build Command(s):/usr/bin/gmake -f Makefile cmTC_955f9/fast && /usr/bin/gmake  -f CMakeFiles/cmTC_955f9.dir/build.make CMakeFiles/cmTC_955f9.dir/build
gmake[1]: Entering directory '/home/dreadpirate/CodingPirate/libssh/gitlab-ssh/libssh-mirror/build/CMakeFiles/CMakeTmp'
Building C object CMakeFiles/cmTC_955f9.dir/CheckIncludeFile.c.o
/usr/bin/cc   -fPIE -o CMakeFiles/cmTC_955f9.dir/CheckIncludeFile.c.o -c /home/dreadpirate/CodingPirate/libssh/gitlab-ssh/libssh-mirror/build/CMakeFiles/CMakeTmp/CheckIncludeFile.c
/home/dreadpirate/CodingPirate/libssh/gitlab-ssh/libssh-mirror/build/CMakeFiles/CMakeTmp/CheckIncludeFile.c:1:10: fatal error: util.h: No such file or directory
    1 | #include <util.h>
      |          ^~~~~~~~
compilation terminated.
gmake[1]: *** [CMakeFiles/cmTC_955f9.dir/build.make:78: CMakeFiles/cmTC_955f9.dir/CheckIncludeFile.c.o] Error 1
gmake[1]: Leaving directory '/home/dreadpirate/CodingPirate/libssh/gitlab-ssh/libssh-mirror/build/CMakeFiles/CMakeTmp'
gmake: *** [Makefile:127: cmTC_955f9/fast] Error 2



Determining if the include file libutil.h exists failed with the following output:
Change Dir: /home/dreadpirate/CodingPirate/libssh/gitlab-ssh/libssh-mirror/build/CMakeFiles/CMakeTmp

Run Build Command(s):/usr/bin/gmake -f Makefile cmTC_30c31/fast && /usr/bin/gmake  -f CMakeFiles/cmTC_30c31.dir/build.make CMakeFiles/cmTC_30c31.dir/build
gmake[1]: Entering directory '/home/dreadpirate/CodingPirate/libssh/gitlab-ssh/libssh-mirror/build/CMakeFiles/CMakeTmp'
Building C object CMakeFiles/cmTC_30c31.dir/CheckIncludeFile.c.o
/usr/bin/cc   -fPIE -o CMakeFiles/cmTC_30c31.dir/CheckIncludeFile.c.o -c /home/dreadpirate/CodingPirate/libssh/gitlab-ssh/libssh-mirror/build/CMakeFiles/CMakeTmp/CheckIncludeFile.c
/home/dreadpirate/CodingPirate/libssh/gitlab-ssh/libssh-mirror/build/CMakeFiles/CMakeTmp/CheckIncludeFile.c:1:10: fatal error: libutil.h: No such file or directory
    1 | #include <libutil.h>
      |          ^~~~~~~~~~~
compilation terminated.
gmake[1]: *** [CMakeFiles/cmTC_30c31.dir/build.make:78: CMakeFiles/cmTC_30c31.dir/CheckIncludeFile.c.o] Error 1
gmake[1]: Leaving directory '/home/dreadpirate/CodingPirate/libssh/gitlab-ssh/libssh-mirror/build/CMakeFiles/CMakeTmp'
gmake: *** [Makefile:127: cmTC_30c31/fast] Error 2



Determining if the include file sys/utime.h exists failed with the following output:
Change Dir: /home/dreadpirate/CodingPirate/libssh/gitlab-ssh/libssh-mirror/build/CMakeFiles/CMakeTmp

Run Build Command(s):/usr/bin/gmake -f Makefile cmTC_29a1f/fast && /usr/bin/gmake  -f CMakeFiles/cmTC_29a1f.dir/build.make CMakeFiles/cmTC_29a1f.dir/build
gmake[1]: Entering directory '/home/dreadpirate/CodingPirate/libssh/gitlab-ssh/libssh-mirror/build/CMakeFiles/CMakeTmp'
Building C object CMakeFiles/cmTC_29a1f.dir/CheckIncludeFile.c.o
/usr/bin/cc   -fPIE -o CMakeFiles/cmTC_29a1f.dir/CheckIncludeFile.c.o -c /home/dreadpirate/CodingPirate/libssh/gitlab-ssh/libssh-mirror/build/CMakeFiles/CMakeTmp/CheckIncludeFile.c
/home/dreadpirate/CodingPirate/libssh/gitlab-ssh/libssh-mirror/build/CMakeFiles/CMakeTmp/CheckIncludeFile.c:1:10: fatal error: sys/utime.h: No such file or directory
    1 | #include <sys/utime.h>
      |          ^~~~~~~~~~~~~
compilation terminated.
gmake[1]: *** [CMakeFiles/cmTC_29a1f.dir/build.make:78: CMakeFiles/cmTC_29a1f.dir/CheckIncludeFile.c.o] Error 1
gmake[1]: Leaving directory '/home/dreadpirate/CodingPirate/libssh/gitlab-ssh/libssh-mirror/build/CMakeFiles/CMakeTmp'
gmake: *** [Makefile:127: cmTC_29a1f/fast] Error 2



Determining if the include file valgrind/valgrind.h exists failed with the following output:
Change Dir: /home/dreadpirate/CodingPirate/libssh/gitlab-ssh/libssh-mirror/build/CMakeFiles/CMakeTmp

Run Build Command(s):/usr/bin/gmake -f Makefile cmTC_1dfbb/fast && /usr/bin/gmake  -f CMakeFiles/cmTC_1dfbb.dir/build.make CMakeFiles/cmTC_1dfbb.dir/build
gmake[1]: Entering directory '/home/dreadpirate/CodingPirate/libssh/gitlab-ssh/libssh-mirror/build/CMakeFiles/CMakeTmp'
Building C object CMakeFiles/cmTC_1dfbb.dir/CheckIncludeFile.c.o
/usr/bin/cc   -fPIE -o CMakeFiles/cmTC_1dfbb.dir/CheckIncludeFile.c.o -c /home/dreadpirate/CodingPirate/libssh/gitlab-ssh/libssh-mirror/build/CMakeFiles/CMakeTmp/CheckIncludeFile.c
/home/dreadpirate/CodingPirate/libssh/gitlab-ssh/libssh-mirror/build/CMakeFiles/CMakeTmp/CheckIncludeFile.c:1:10: fatal error: valgrind/valgrind.h: No such file or directory
    1 | #include <valgrind/valgrind.h>
      |          ^~~~~~~~~~~~~~~~~~~~~
compilation terminated.
gmake[1]: *** [CMakeFiles/cmTC_1dfbb.dir/build.make:78: CMakeFiles/cmTC_1dfbb.dir/CheckIncludeFile.c.o] Error 1
gmake[1]: Leaving directory '/home/dreadpirate/CodingPirate/libssh/gitlab-ssh/libssh-mirror/build/CMakeFiles/CMakeTmp'
gmake: *** [Makefile:127: cmTC_1dfbb/fast] Error 2



Determining if the function EVP_KDF_CTX_new_id exists failed with the following output:
Change Dir: /home/dreadpirate/CodingPirate/libssh/gitlab-ssh/libssh-mirror/build/CMakeFiles/CMakeTmp

Run Build Command(s):/usr/bin/gmake -f Makefile cmTC_caeda/fast && /usr/bin/gmake  -f CMakeFiles/cmTC_caeda.dir/build.make CMakeFiles/cmTC_caeda.dir/build
gmake[1]: Entering directory '/home/dreadpirate/CodingPirate/libssh/gitlab-ssh/libssh-mirror/build/CMakeFiles/CMakeTmp'
Building C object CMakeFiles/cmTC_caeda.dir/CheckFunctionExists.c.o
/usr/bin/cc   -DCHECK_FUNCTION_EXISTS=EVP_KDF_CTX_new_id -fPIE -o CMakeFiles/cmTC_caeda.dir/CheckFunctionExists.c.o -c /usr/share/cmake-3.22/Modules/CheckFunctionExists.c
Linking C executable cmTC_caeda
/usr/bin/cmake -E cmake_link_script CMakeFiles/cmTC_caeda.dir/link.txt --verbose=1
/usr/bin/cc  -DCHECK_FUNCTION_EXISTS=EVP_KDF_CTX_new_id CMakeFiles/cmTC_caeda.dir/CheckFunctionExists.c.o -o cmTC_caeda  /usr/lib/x86_64-linux-gnu/libcrypto.so 
/usr/bin/ld: CMakeFiles/cmTC_caeda.dir/CheckFunctionExists.c.o: in function `main':
CheckFunctionExists.c:(.text+0x14): undefined reference to `EVP_KDF_CTX_new_id'
collect2: error: ld returned 1 exit status
gmake[1]: *** [CMakeFiles/cmTC_caeda.dir/build.make:100: cmTC_caeda] Error 1
gmake[1]: Leaving directory '/home/dreadpirate/CodingPirate/libssh/gitlab-ssh/libssh-mirror/build/CMakeFiles/CMakeTmp'
gmake: *** [Makefile:127: cmTC_caeda/fast] Error 2



Determining if the function FIPS_mode exists failed with the following output:
Change Dir: /home/dreadpirate/CodingPirate/libssh/gitlab-ssh/libssh-mirror/build/CMakeFiles/CMakeTmp

Run Build Command(s):/usr/bin/gmake -f Makefile cmTC_acb15/fast && /usr/bin/gmake  -f CMakeFiles/cmTC_acb15.dir/build.make CMakeFiles/cmTC_acb15.dir/build
gmake[1]: Entering directory '/home/dreadpirate/CodingPirate/libssh/gitlab-ssh/libssh-mirror/build/CMakeFiles/CMakeTmp'
Building C object CMakeFiles/cmTC_acb15.dir/CheckFunctionExists.c.o
/usr/bin/cc   -DCHECK_FUNCTION_EXISTS=FIPS_mode -fPIE -o CMakeFiles/cmTC_acb15.dir/CheckFunctionExists.c.o -c /usr/share/cmake-3.22/Modules/CheckFunctionExists.c
Linking C executable cmTC_acb15
/usr/bin/cmake -E cmake_link_script CMakeFiles/cmTC_acb15.dir/link.txt --verbose=1
/usr/bin/cc  -DCHECK_FUNCTION_EXISTS=FIPS_mode CMakeFiles/cmTC_acb15.dir/CheckFunctionExists.c.o -o cmTC_acb15  /usr/lib/x86_64-linux-gnu/libcrypto.so 
/usr/bin/ld: CMakeFiles/cmTC_acb15.dir/CheckFunctionExists.c.o: in function `main':
CheckFunctionExists.c:(.text+0x14): undefined reference to `FIPS_mode'
collect2: error: ld returned 1 exit status
gmake[1]: *** [CMakeFiles/cmTC_acb15.dir/build.make:100: cmTC_acb15] Error 1
gmake[1]: Leaving directory '/home/dreadpirate/CodingPirate/libssh/gitlab-ssh/libssh-mirror/build/CMakeFiles/CMakeTmp'
gmake: *** [Makefile:127: cmTC_acb15/fast] Error 2



Determining if the function memset_s exists failed with the following output:
Change Dir: /home/dreadpirate/CodingPirate/libssh/gitlab-ssh/libssh-mirror/build/CMakeFiles/CMakeTmp

Run Build Command(s):/usr/bin/gmake -f Makefile cmTC_c87be/fast && /usr/bin/gmake  -f CMakeFiles/cmTC_c87be.dir/build.make CMakeFiles/cmTC_c87be.dir/build
gmake[1]: Entering directory '/home/dreadpirate/CodingPirate/libssh/gitlab-ssh/libssh-mirror/build/CMakeFiles/CMakeTmp'
Building C object CMakeFiles/cmTC_c87be.dir/CheckFunctionExists.c.o
/usr/bin/cc   -DCHECK_FUNCTION_EXISTS=memset_s -fPIE -o CMakeFiles/cmTC_c87be.dir/CheckFunctionExists.c.o -c /usr/share/cmake-3.22/Modules/CheckFunctionExists.c
Linking C executable cmTC_c87be
/usr/bin/cmake -E cmake_link_script CMakeFiles/cmTC_c87be.dir/link.txt --verbose=1
/usr/bin/cc  -DCHECK_FUNCTION_EXISTS=memset_s CMakeFiles/cmTC_c87be.dir/CheckFunctionExists.c.o -o cmTC_c87be 
/usr/bin/ld: CMakeFiles/cmTC_c87be.dir/CheckFunctionExists.c.o: in function `main':
CheckFunctionExists.c:(.text+0x14): undefined reference to `memset_s'
collect2: error: ld returned 1 exit status
gmake[1]: *** [CMakeFiles/cmTC_c87be.dir/build.make:99: cmTC_c87be] Error 1
gmake[1]: Leaving directory '/home/dreadpirate/CodingPirate/libssh/gitlab-ssh/libssh-mirror/build/CMakeFiles/CMakeTmp'
gmake: *** [Makefile:127: cmTC_c87be/fast] Error 2



Determining if the ntohll exist failed with the following output:
Change Dir: /home/dreadpirate/CodingPirate/libssh/gitlab-ssh/libssh-mirror/build/CMakeFiles/CMakeTmp

Run Build Command(s):/usr/bin/gmake -f Makefile cmTC_69af6/fast && /usr/bin/gmake  -f CMakeFiles/cmTC_69af6.dir/build.make CMakeFiles/cmTC_69af6.dir/build
gmake[1]: Entering directory '/home/dreadpirate/CodingPirate/libssh/gitlab-ssh/libssh-mirror/build/CMakeFiles/CMakeTmp'
Building C object CMakeFiles/cmTC_69af6.dir/CheckSymbolExists.c.o
/usr/bin/cc   -fPIE -o CMakeFiles/cmTC_69af6.dir/CheckSymbolExists.c.o -c /home/dreadpirate/CodingPirate/libssh/gitlab-ssh/libssh-mirror/build/CMakeFiles/CMakeTmp/CheckSymbolExists.c
/home/dreadpirate/CodingPirate/libssh/gitlab-ssh/libssh-mirror/build/CMakeFiles/CMakeTmp/CheckSymbolExists.c: In function ‘main’:
/home/dreadpirate/CodingPirate/libssh/gitlab-ssh/libssh-mirror/build/CMakeFiles/CMakeTmp/CheckSymbolExists.c:8:19: error: ‘ntohll’ undeclared (first use in this function); did you mean ‘ntohl’?
    8 |   return ((int*)(&ntohll))[argc];
      |                   ^~~~~~
      |                   ntohl
/home/dreadpirate/CodingPirate/libssh/gitlab-ssh/libssh-mirror/build/CMakeFiles/CMakeTmp/CheckSymbolExists.c:8:19: note: each undeclared identifier is reported only once for each function it appears in
gmake[1]: *** [CMakeFiles/cmTC_69af6.dir/build.make:78: CMakeFiles/cmTC_69af6.dir/CheckSymbolExists.c.o] Error 1
gmake[1]: Leaving directory '/home/dreadpirate/CodingPirate/libssh/gitlab-ssh/libssh-mirror/build/CMakeFiles/CMakeTmp'
gmake: *** [Makefile:127: cmTC_69af6/fast] Error 2


File /home/dreadpirate/CodingPirate/libssh/gitlab-ssh/libssh-mirror/build/CMakeFiles/CMakeTmp/CheckSymbolExists.c:
/* */
#include <arpa/inet.h>

int main(int argc, char** argv)
{
  (void)argv;
#ifndef ntohll
  return ((int*)(&ntohll))[argc];
#else
  (void)argc;
  return 0;
#endif
}
Determining if the htonll exist failed with the following output:
Change Dir: /home/dreadpirate/CodingPirate/libssh/gitlab-ssh/libssh-mirror/build/CMakeFiles/CMakeTmp

Run Build Command(s):/usr/bin/gmake -f Makefile cmTC_ff599/fast && /usr/bin/gmake  -f CMakeFiles/cmTC_ff599.dir/build.make CMakeFiles/cmTC_ff599.dir/build
gmake[1]: Entering directory '/home/dreadpirate/CodingPirate/libssh/gitlab-ssh/libssh-mirror/build/CMakeFiles/CMakeTmp'
Building C object CMakeFiles/cmTC_ff599.dir/CheckSymbolExists.c.o
/usr/bin/cc   -fPIE -o CMakeFiles/cmTC_ff599.dir/CheckSymbolExists.c.o -c /home/dreadpirate/CodingPirate/libssh/gitlab-ssh/libssh-mirror/build/CMakeFiles/CMakeTmp/CheckSymbolExists.c
/home/dreadpirate/CodingPirate/libssh/gitlab-ssh/libssh-mirror/build/CMakeFiles/CMakeTmp/CheckSymbolExists.c: In function ‘main’:
/home/dreadpirate/CodingPirate/libssh/gitlab-ssh/libssh-mirror/build/CMakeFiles/CMakeTmp/CheckSymbolExists.c:8:19: error: ‘htonll’ undeclared (first use in this function); did you mean ‘htonl’?
    8 |   return ((int*)(&htonll))[argc];
      |                   ^~~~~~
      |                   htonl
/home/dreadpirate/CodingPirate/libssh/gitlab-ssh/libssh-mirror/build/CMakeFiles/CMakeTmp/CheckSymbolExists.c:8:19: note: each undeclared identifier is reported only once for each function it appears in
gmake[1]: *** [CMakeFiles/cmTC_ff599.dir/build.make:78: CMakeFiles/cmTC_ff599.dir/CheckSymbolExists.c.o] Error 1
gmake[1]: Leaving directory '/home/dreadpirate/CodingPirate/libssh/gitlab-ssh/libssh-mirror/build/CMakeFiles/CMakeTmp'
gmake: *** [Makefile:127: cmTC_ff599/fast] Error 2


File /home/dreadpirate/CodingPirate/libssh/gitlab-ssh/libssh-mirror/build/CMakeFiles/CMakeTmp/CheckSymbolExists.c:
/* */
#include <arpa/inet.h>

int main(int argc, char** argv)
{
  (void)argv;
#ifndef htonll
  return ((int*)(&htonll))[argc];
#else
  (void)argc;
  return 0;
#endif
}
Determining if the function __strtoull exists failed with the following output:
Change Dir: /home/dreadpirate/CodingPirate/libssh/gitlab-ssh/libssh-mirror/build/CMakeFiles/CMakeTmp

Run Build Command(s):/usr/bin/gmake -f Makefile cmTC_24a82/fast && /usr/bin/gmake  -f CMakeFiles/cmTC_24a82.dir/build.make CMakeFiles/cmTC_24a82.dir/build
gmake[1]: Entering directory '/home/dreadpirate/CodingPirate/libssh/gitlab-ssh/libssh-mirror/build/CMakeFiles/CMakeTmp'
Building C object CMakeFiles/cmTC_24a82.dir/CheckFunctionExists.c.o
/usr/bin/cc   -DCHECK_FUNCTION_EXISTS=__strtoull -fPIE -o CMakeFiles/cmTC_24a82.dir/CheckFunctionExists.c.o -c /usr/share/cmake-3.22/Modules/CheckFunctionExists.c
Linking C executable cmTC_24a82
/usr/bin/cmake -E cmake_link_script CMakeFiles/cmTC_24a82.dir/link.txt --verbose=1
/usr/bin/cc  -DCHECK_FUNCTION_EXISTS=__strtoull CMakeFiles/cmTC_24a82.dir/CheckFunctionExists.c.o -o cmTC_24a82 
/usr/bin/ld: CMakeFiles/cmTC_24a82.dir/CheckFunctionExists.c.o: in function `main':
CheckFunctionExists.c:(.text+0x14): undefined reference to `__strtoull'
collect2: error: ld returned 1 exit status
gmake[1]: *** [CMakeFiles/cmTC_24a82.dir/build.make:99: cmTC_24a82] Error 1
gmake[1]: Leaving directory '/home/dreadpirate/CodingPirate/libssh/gitlab-ssh/libssh-mirror/build/CMakeFiles/CMakeTmp'
gmake: *** [Makefile:127: cmTC_24a82/fast] Error 2



Performing C SOURCE FILE Test HAVE_MSC_THREAD_LOCAL_STORAGE failed with the following output:
Change Dir: /home/dreadpirate/CodingPirate/libssh/gitlab-ssh/libssh-mirror/build/CMakeFiles/CMakeTmp

Run Build Command(s):/usr/bin/gmake -f Makefile cmTC_39261/fast && /usr/bin/gmake  -f CMakeFiles/cmTC_39261.dir/build.make CMakeFiles/cmTC_39261.dir/build
gmake[1]: Entering directory '/home/dreadpirate/CodingPirate/libssh/gitlab-ssh/libssh-mirror/build/CMakeFiles/CMakeTmp'
Building C object CMakeFiles/cmTC_39261.dir/src.c.o
/usr/bin/cc -DHAVE_MSC_THREAD_LOCAL_STORAGE  -fPIE -o CMakeFiles/cmTC_39261.dir/src.c.o -c /home/dreadpirate/CodingPirate/libssh/gitlab-ssh/libssh-mirror/build/CMakeFiles/CMakeTmp/src.c
/home/dreadpirate/CodingPirate/libssh/gitlab-ssh/libssh-mirror/build/CMakeFiles/CMakeTmp/src.c:2:1: warning: return type defaults to ‘int’ [-Wimplicit-int]
    2 | __declspec(thread) int tls;
      | ^~~~~~~~~~
/home/dreadpirate/CodingPirate/libssh/gitlab-ssh/libssh-mirror/build/CMakeFiles/CMakeTmp/src.c: In function ‘__declspec’:
/home/dreadpirate/CodingPirate/libssh/gitlab-ssh/libssh-mirror/build/CMakeFiles/CMakeTmp/src.c:4:16: error: expected ‘=’, ‘,’, ‘;’, ‘asm’ or ‘__attribute__’ before ‘{’ token
    4 | int main(void) {
      |                ^
/home/dreadpirate/CodingPirate/libssh/gitlab-ssh/libssh-mirror/build/CMakeFiles/CMakeTmp/src.c:2:1: warning: type of ‘thread’ defaults to ‘int’ [-Wimplicit-int]
    2 | __declspec(thread) int tls;
      | ^~~~~~~~~~
/home/dreadpirate/CodingPirate/libssh/gitlab-ssh/libssh-mirror/build/CMakeFiles/CMakeTmp/src.c:2:24: error: declaration for parameter ‘tls’ but no such parameter
    2 | __declspec(thread) int tls;
      |                        ^~~
/home/dreadpirate/CodingPirate/libssh/gitlab-ssh/libssh-mirror/build/CMakeFiles/CMakeTmp/src.c:7: error: expected ‘{’ at end of input
gmake[1]: *** [CMakeFiles/cmTC_39261.dir/build.make:78: CMakeFiles/cmTC_39261.dir/src.c.o] Error 1
gmake[1]: Leaving directory '/home/dreadpirate/CodingPirate/libssh/gitlab-ssh/libssh-mirror/build/CMakeFiles/CMakeTmp'
gmake: *** [Makefile:127: cmTC_39261/fast] Error 2


Source file was:

__declspec(thread) int tls;

int main(void) {
    return 0;
}
